INFO:2025/11/22 04:01:28 run.go:222: Неизвестная команда: gshe
Введите 'help' для списка команд
SYSTEM:2025/11/22 04:01:28 run.go:225: Введен текст:gshe
INFO:2025/11/22 04:01:28 run.go:222: Неизвестная команда: erherh
Введите 'help' для списка команд
SYSTEM:2025/11/22 04:01:28 run.go:225: Введен текст:erherh
INFO:2025/11/22 04:01:29 run.go:222: Неизвестная команда: erhreh
Введите 'help' для списка команд
SYSTEM:2025/11/22 04:01:29 run.go:225: Введен текст:erhreh
INFO:2025/11/22 04:01:30 run.go:222: Неизвестная команда: fdhhre
Введите 'help' для списка команд
SYSTEM:2025/11/22 04:01:30 run.go:225: Введен текст:fdhhre
INFO:2025/11/22 04:01:33 run.go:222: Неизвестная команда: jknbkj
Введите 'help' для списка команд
SYSTEM:2025/11/22 04:01:33 run.go:225: Введен текст:jknbkj
INFO:2025/11/22 04:01:36 run.go:222: Неизвестная команда: aboba
Введите 'help' для списка команд
SYSTEM:2025/11/22 04:01:36 run.go:225: Введен текст:aboba
INFO:2025/11/22 04:01:49 run.go:222: Неизвестная команда: aboba
Введите 'help' для списка команд
SYSTEM:2025/11/22 04:01:49 run.go:225: Введен текст:aboba
INFO:2025/11/22 04:02:33 run.go:61: Формат: add "название события" "дата и время" "приоритет"
INFO:2025/11/22 04:02:37 run.go:61: Формат: add "название события" "дата и время" "приоритет"
ERROR:2025/11/22 04:02:47 run.go:77: Ошибка добавления: invalid priority
SYSTEM:2025/11/22 04:02:47 run.go:225: Введен текст:add "geges" "2025" "agasgsag"
INFO:2025/11/22 04:20:44 run.go:181: 
----------
ID: 9fedf744-34e6-41e4-8f57-df3d599084ab
Название: aboba
Когда: 2025-01-01 00:00:00
Приоритет: low
----------
SYSTEM:2025/11/22 04:20:44 run.go:225: Введен текст: list
